<?xml version="1.0" encoding="utf-8" standalone="no"?>
<test-results xmlns:xsi="http://www.w3.org/2001/XMLSchema-instance" xsi:noNamespaceSchemaLocation="nunit_schema_2.5.xsd" name="Pester" total="143" errors="0" failures="16" not-run="0" inconclusive="0" ignored="0" skipped="0" invalid="0" date="2024-07-08" time="07:40:33">
  <environment os-version="10.0.22631" platform="Microsoft Windows 11 Pro|C:\Windows|\Device\Harddisk2\Partition3" clr-version="Unknown" nunit-version="2.5.8.0" user-domain="DADPC" user="mdows" machine-name="DADPC" cwd="D:\Projects\PSDates\Source\Test" />
  <culture-info current-culture="en-US" current-uiculture="en-US" />
  <test-suite type="TestFixture" name="Pester" executed="True" result="Failure" success="False" time="3.7947" asserts="0" description="Pester">
    <results>
      <test-suite type="TestFixture" name="D:\Projects\PSDates\Source\Test\Public\Convert-TimeZone.Tests.ps1" executed="True" result="Success" success="True" time="0.8682" asserts="0" description="D:\Projects\PSDates\Source\Test\Public\Convert-TimeZone.Tests.ps1">
        <results>
          <test-suite type="TestFixture" name="Convert-TimeZone Tests" executed="True" result="Success" success="True" time="0.2567" asserts="0" description="Convert-TimeZone Tests">
            <results>
              <test-case description="Convert-TimeZone Test" name="Convert-TimeZone Tests.Convert-TimeZone Test" time="0.1862" asserts="0" success="True" result="Success" executed="True" />
            </results>
          </test-suite>
        </results>
      </test-suite>
      <test-suite type="TestFixture" name="D:\Projects\PSDates\Source\Test\Public\ConvertFrom-UnixTime.Tests.ps1" executed="True" result="Success" success="True" time="0.0949" asserts="0" description="D:\Projects\PSDates\Source\Test\Public\ConvertFrom-UnixTime.Tests.ps1">
        <results>
          <test-suite type="TestFixture" name="ConvertFrom-UnixTime Tests" executed="True" result="Success" success="True" time="0.0224" asserts="0" description="ConvertFrom-UnixTime Tests">
            <results>
              <test-case description="ConvertFrom-UnixTime Test" name="ConvertFrom-UnixTime Tests.ConvertFrom-UnixTime Test" time="0.0196" asserts="0" success="True" result="Success" executed="True" />
            </results>
          </test-suite>
        </results>
      </test-suite>
      <test-suite type="TestFixture" name="D:\Projects\PSDates\Source\Test\Public\ConvertFrom-WmiDateTime.Tests.ps1" executed="True" result="Success" success="True" time="0.0878" asserts="0" description="D:\Projects\PSDates\Source\Test\Public\ConvertFrom-WmiDateTime.Tests.ps1">
        <results>
          <test-suite type="TestFixture" name="ConvertFrom-WmiDateTime Tests" executed="True" result="Success" success="True" time="0.0273" asserts="0" description="ConvertFrom-WmiDateTime Tests">
            <results>
              <test-case description="ConvertFrom-WmiDateTime Test" name="ConvertFrom-WmiDateTime Tests.ConvertFrom-WmiDateTime Test" time="0.0248" asserts="0" success="True" result="Success" executed="True" />
            </results>
          </test-suite>
        </results>
      </test-suite>
      <test-suite type="TestFixture" name="D:\Projects\PSDates\Source\Test\Public\ConvertTo-UnixTime.Tests.ps1" executed="True" result="Success" success="True" time="0.0842" asserts="0" description="D:\Projects\PSDates\Source\Test\Public\ConvertTo-UnixTime.Tests.ps1">
        <results>
          <test-suite type="TestFixture" name="ConvertTo-UnixTime Tests" executed="True" result="Success" success="True" time="0.0238" asserts="0" description="ConvertTo-UnixTime Tests">
            <results>
              <test-case description="ConvertTo-UnixTime Test" name="ConvertTo-UnixTime Tests.ConvertTo-UnixTime Test" time="0.0211" asserts="0" success="True" result="Success" executed="True" />
            </results>
          </test-suite>
        </results>
      </test-suite>
      <test-suite type="TestFixture" name="D:\Projects\PSDates\Source\Test\Public\ConvertTo-WmiDateTime.Tests.ps1" executed="True" result="Success" success="True" time="0.0938" asserts="0" description="D:\Projects\PSDates\Source\Test\Public\ConvertTo-WmiDateTime.Tests.ps1">
        <results>
          <test-suite type="TestFixture" name="ConvertTo-WmiDateTime Tests" executed="True" result="Success" success="True" time="0.0192" asserts="0" description="ConvertTo-WmiDateTime Tests">
            <results>
              <test-case description="ConvertTo-WmiDateTime Test" name="ConvertTo-WmiDateTime Tests.ConvertTo-WmiDateTime Test" time="0.0165" asserts="0" success="True" result="Success" executed="True" />
            </results>
          </test-suite>
        </results>
      </test-suite>
      <test-suite type="TestFixture" name="D:\Projects\PSDates\Source\Test\Public\Find-TimeZone.Tests.ps1" executed="True" result="Success" success="True" time="0.1474" asserts="0" description="D:\Projects\PSDates\Source\Test\Public\Find-TimeZone.Tests.ps1">
        <results>
          <test-suite type="TestFixture" name="Find-TimeZone Tests" executed="True" result="Success" success="True" time="0.0796" asserts="0" description="Find-TimeZone Tests">
            <results>
              <test-case description="Find-TimeZone Test" name="Find-TimeZone Tests.Find-TimeZone Test" time="0.077" asserts="0" success="True" result="Success" executed="True" />
            </results>
          </test-suite>
        </results>
      </test-suite>
      <test-suite type="TestFixture" name="D:\Projects\PSDates\Source\Test\Public\Get-CronDescription.Tests.ps1" executed="True" result="Success" success="True" time="1.17" asserts="0" description="D:\Projects\PSDates\Source\Test\Public\Get-CronDescription.Tests.ps1">
        <results>
          <test-suite type="TestFixture" name="Get-CronDescription Tests" executed="True" result="Success" success="True" time="1.0692" asserts="0" description="Get-CronDescription Tests">
            <results>
              <test-case description="Get-CronDescription TestEveryMinute" name="Get-CronDescription Tests.Get-CronDescription TestEveryMinute" time="0.0262" asserts="0" success="True" result="Success" executed="True" />
              <test-case description="Get-CronDescription TestEvery1Minute" name="Get-CronDescription Tests.Get-CronDescription TestEvery1Minute" time="0.0132" asserts="0" success="True" result="Success" executed="True" />
              <test-case description="Get-CronDescription TestEveryHour" name="Get-CronDescription Tests.Get-CronDescription TestEveryHour" time="0.0124" asserts="0" success="True" result="Success" executed="True" />
              <test-case description="Get-CronDescription TestTimeOfDayCertainDaysOfWeek" name="Get-CronDescription Tests.Get-CronDescription TestTimeOfDayCertainDaysOfWeek" time="0.0141" asserts="0" success="True" result="Success" executed="True" />
              <test-case description="Get-CronDescription TestEverySecond" name="Get-CronDescription Tests.Get-CronDescription TestEverySecond" time="0.0135" asserts="0" success="True" result="Success" executed="True" />
              <test-case description="Get-CronDescription TestEvery45Seconds" name="Get-CronDescription Tests.Get-CronDescription TestEvery45Seconds" time="0.0144" asserts="0" success="True" result="Success" executed="True" />
              <test-case description="Get-CronDescription TestEvery5Minutes" name="Get-CronDescription Tests.Get-CronDescription TestEvery5Minutes" time="0.0129" asserts="0" success="True" result="Success" executed="True" />
              <test-case description="Get-CronDescription TestEvery5MinutesOnTheSecond" name="Get-CronDescription Tests.Get-CronDescription TestEvery5MinutesOnTheSecond" time="0.0136" asserts="0" success="True" result="Success" executed="True" />
              <test-case description="Get-CronDescription TestWeekdaysAtTime" name="Get-CronDescription Tests.Get-CronDescription TestWeekdaysAtTime" time="0.0115" asserts="0" success="True" result="Success" executed="True" />
              <test-case description="Get-CronDescription TestDailyAtTime" name="Get-CronDescription Tests.Get-CronDescription TestDailyAtTime" time="0.0111" asserts="0" success="True" result="Success" executed="True" />
              <test-case description="Get-CronDescription TestMinuteSpan" name="Get-CronDescription Tests.Get-CronDescription TestMinuteSpan" time="0.0141" asserts="0" success="True" result="Success" executed="True" />
              <test-case description="Get-CronDescription TestOneMonthOnly" name="Get-CronDescription Tests.Get-CronDescription TestOneMonthOnly" time="0.0154" asserts="0" success="True" result="Success" executed="True" />
              <test-case description="Get-CronDescription TestTwoMonthsOnly" name="Get-CronDescription Tests.Get-CronDescription TestTwoMonthsOnly" time="0.0148" asserts="0" success="True" result="Success" executed="True" />
              <test-case description="Get-CronDescription TestTwoTimesEachAfternoon" name="Get-CronDescription Tests.Get-CronDescription TestTwoTimesEachAfternoon" time="0.0123" asserts="0" success="True" result="Success" executed="True" />
              <test-case description="Get-CronDescription TestThreeTimesDaily" name="Get-CronDescription Tests.Get-CronDescription TestThreeTimesDaily" time="0.0124" asserts="0" success="True" result="Success" executed="True" />
              <test-case description="Get-CronDescription TestOnceAWeek" name="Get-CronDescription Tests.Get-CronDescription TestOnceAWeek" time="0.0117" asserts="0" success="True" result="Success" executed="True" />
              <test-case description="Get-CronDescription TestDayOfMonth" name="Get-CronDescription Tests.Get-CronDescription TestDayOfMonth" time="0.0121" asserts="0" success="True" result="Success" executed="True" />
              <test-case description="Get-CronDescription TestMonthName" name="Get-CronDescription Tests.Get-CronDescription TestMonthName" time="0.0136" asserts="0" success="True" result="Success" executed="True" />
              <test-case description="Get-CronDescription TestLowerCaseMonthName" name="Get-CronDescription Tests.Get-CronDescription TestLowerCaseMonthName" time="0.0118" asserts="0" success="True" result="Success" executed="True" />
              <test-case description="Get-CronDescription TestDayOfMonthWithQuestionMark" name="Get-CronDescription Tests.Get-CronDescription TestDayOfMonthWithQuestionMark" time="0.0112" asserts="0" success="True" result="Success" executed="True" />
              <test-case description="Get-CronDescription TestMonthNameRange2" name="Get-CronDescription Tests.Get-CronDescription TestMonthNameRange2" time="0.0139" asserts="0" success="True" result="Success" executed="True" />
              <test-case description="Get-CronDescription TestMonthNameRange3" name="Get-CronDescription Tests.Get-CronDescription TestMonthNameRange3" time="0.0135" asserts="0" success="True" result="Success" executed="True" />
              <test-case description="Get-CronDescription TestDayOfWeekName" name="Get-CronDescription Tests.Get-CronDescription TestDayOfWeekName" time="0.0122" asserts="0" success="True" result="Success" executed="True" />
              <test-case description="Get-CronDescription TestDayOfWeekRange" name="Get-CronDescription Tests.Get-CronDescription TestDayOfWeekRange" time="0.0119" asserts="0" success="True" result="Success" executed="True" />
              <test-case description="Get-CronDescription TestDayOfWeekRangeWithDOWLowerCased" name="Get-CronDescription Tests.Get-CronDescription TestDayOfWeekRangeWithDOWLowerCased" time="0.0116" asserts="0" success="True" result="Success" executed="True" />
              <test-case description="Get-CronDescription TestDayOfWeekOnceInMonth" name="Get-CronDescription Tests.Get-CronDescription TestDayOfWeekOnceInMonth" time="0.014" asserts="0" success="True" result="Success" executed="True" />
              <test-case description="Get-CronDescription TestLastDayOfTheWeekOfTheMonth" name="Get-CronDescription Tests.Get-CronDescription TestLastDayOfTheWeekOfTheMonth" time="0.0157" asserts="0" success="True" result="Success" executed="True" />
              <test-case description="Get-CronDescription TestLastDayOfTheMonth" name="Get-CronDescription Tests.Get-CronDescription TestLastDayOfTheMonth" time="0.0145" asserts="0" success="True" result="Success" executed="True" />
              <test-case description="Get-CronDescription TestLastDayOffset" name="Get-CronDescription Tests.Get-CronDescription TestLastDayOffset" time="0.0139" asserts="0" success="True" result="Success" executed="True" />
              <test-case description="Get-CronDescription TestLastWeekdayOfTheMonth" name="Get-CronDescription Tests.Get-CronDescription TestLastWeekdayOfTheMonth" time="0.0123" asserts="0" success="True" result="Success" executed="True" />
              <test-case description="Get-CronDescription TestLastWeekdayOfTheMonth2" name="Get-CronDescription Tests.Get-CronDescription TestLastWeekdayOfTheMonth2" time="0.0123" asserts="0" success="True" result="Success" executed="True" />
              <test-case description="Get-CronDescription TestFirstWeekdayOfTheMonth" name="Get-CronDescription Tests.Get-CronDescription TestFirstWeekdayOfTheMonth" time="0.0129" asserts="0" success="True" result="Success" executed="True" />
              <test-case description="Get-CronDescription TestThirteenthWeekdayOfTheMonth" name="Get-CronDescription Tests.Get-CronDescription TestThirteenthWeekdayOfTheMonth" time="0.0132" asserts="0" success="True" result="Success" executed="True" />
              <test-case description="Get-CronDescription TestFirstWeekdayOfTheMonth2" name="Get-CronDescription Tests.Get-CronDescription TestFirstWeekdayOfTheMonth2" time="0.0178" asserts="0" success="True" result="Success" executed="True" />
              <test-case description="Get-CronDescription TestParticularWeekdayOfTheMonth" name="Get-CronDescription Tests.Get-CronDescription TestParticularWeekdayOfTheMonth" time="0.0223" asserts="0" success="True" result="Success" executed="True" />
              <test-case description="Get-CronDescription TestParticularWeekdayOfTheMonth2" name="Get-CronDescription Tests.Get-CronDescription TestParticularWeekdayOfTheMonth2" time="0.0135" asserts="0" success="True" result="Success" executed="True" />
              <test-case description="Get-CronDescription TestTimeOfDayWithSeconds" name="Get-CronDescription Tests.Get-CronDescription TestTimeOfDayWithSeconds" time="0.0138" asserts="0" success="True" result="Success" executed="True" />
              <test-case description="Get-CronDescription TestSecondInternvals" name="Get-CronDescription Tests.Get-CronDescription TestSecondInternvals" time="0.0142" asserts="0" success="True" result="Success" executed="True" />
              <test-case description="Get-CronDescription TestMultiPartSecond" name="Get-CronDescription Tests.Get-CronDescription TestMultiPartSecond" time="0.0124" asserts="0" success="True" result="Success" executed="True" />
              <test-case description="Get-CronDescription TestSecondMinutesHoursIntervals" name="Get-CronDescription Tests.Get-CronDescription TestSecondMinutesHoursIntervals" time="0.0115" asserts="0" success="True" result="Success" executed="True" />
              <test-case description="Get-CronDescription TestEvery5MinutesAt30Seconds" name="Get-CronDescription Tests.Get-CronDescription TestEvery5MinutesAt30Seconds" time="0.012" asserts="0" success="True" result="Success" executed="True" />
              <test-case description="Get-CronDescription TestMinutesPastTheHourRange" name="Get-CronDescription Tests.Get-CronDescription TestMinutesPastTheHourRange" time="0.0128" asserts="0" success="True" result="Success" executed="True" />
              <test-case description="Get-CronDescription TestSecondsPastTheMinuteInterval" name="Get-CronDescription Tests.Get-CronDescription TestSecondsPastTheMinuteInterval" time="0.0126" asserts="0" success="True" result="Success" executed="True" />
              <test-case description="Get-CronDescription TestBetweenWithInterval" name="Get-CronDescription Tests.Get-CronDescription TestBetweenWithInterval" time="0.0118" asserts="0" success="True" result="Success" executed="True" />
              <test-case description="Get-CronDescription TestRecurringFirstOfMonth" name="Get-CronDescription Tests.Get-CronDescription TestRecurringFirstOfMonth" time="0.012" asserts="0" success="True" result="Success" executed="True" />
              <test-case description="Get-CronDescription TestMinutesPastTheHour" name="Get-CronDescription Tests.Get-CronDescription TestMinutesPastTheHour" time="0.0117" asserts="0" success="True" result="Success" executed="True" />
              <test-case description="Get-CronDescription TestOneYearOnlyWithSeconds" name="Get-CronDescription Tests.Get-CronDescription TestOneYearOnlyWithSeconds" time="0.0143" asserts="0" success="True" result="Success" executed="True" />
              <test-case description="Get-CronDescription TestOneYearOnlyWithoutSeconds" name="Get-CronDescription Tests.Get-CronDescription TestOneYearOnlyWithoutSeconds" time="0.0111" asserts="0" success="True" result="Success" executed="True" />
              <test-case description="Get-CronDescription TestTwoYearsOnly" name="Get-CronDescription Tests.Get-CronDescription TestTwoYearsOnly" time="0.0106" asserts="0" success="True" result="Success" executed="True" />
              <test-case description="Get-CronDescription TestYearRange2" name="Get-CronDescription Tests.Get-CronDescription TestYearRange2" time="0.0106" asserts="0" success="True" result="Success" executed="True" />
              <test-case description="Get-CronDescription TestYearRange3" name="Get-CronDescription Tests.Get-CronDescription TestYearRange3" time="0.0112" asserts="0" success="True" result="Success" executed="True" />
              <test-case description="Get-CronDescription TestHourRange" name="Get-CronDescription Tests.Get-CronDescription TestHourRange" time="0.0116" asserts="0" success="True" result="Success" executed="True" />
              <test-case description="Get-CronDescription TestDayOfWeekModifier" name="Get-CronDescription Tests.Get-CronDescription TestDayOfWeekModifier" time="0.0115" asserts="0" success="True" result="Success" executed="True" />
              <test-case description="Get-CronDescription TestDayOfWeekModifierWithSundayStartOne" name="Get-CronDescription Tests.Get-CronDescription TestDayOfWeekModifierWithSundayStartOne" time="0.0135" asserts="0" success="True" result="Success" executed="True" />
              <test-case description="Get-CronDescription TestHourRangeWithEveryPortion" name="Get-CronDescription Tests.Get-CronDescription TestHourRangeWithEveryPortion" time="0.0124" asserts="0" success="True" result="Success" executed="True" />
              <test-case description="Get-CronDescription TestHourRangeWithTrailingZeroWithEveryPortion" name="Get-CronDescription Tests.Get-CronDescription TestHourRangeWithTrailingZeroWithEveryPortion" time="0.0106" asserts="0" success="True" result="Success" executed="True" />
              <test-case description="Get-CronDescription TestEvery3Day" name="Get-CronDescription Tests.Get-CronDescription TestEvery3Day" time="0.011" asserts="0" success="True" result="Success" executed="True" />
              <test-case description="Get-CronDescription TestsEvery3DayOfTheWeek" name="Get-CronDescription Tests.Get-CronDescription TestsEvery3DayOfTheWeek" time="0.01" asserts="0" success="True" result="Success" executed="True" />
              <test-case description="Get-CronDescription TestEvery2DayOfTheWeekInRange" name="Get-CronDescription Tests.Get-CronDescription TestEvery2DayOfTheWeekInRange" time="0.0118" asserts="0" success="True" result="Success" executed="True" />
              <test-case description="Get-CronDescription TestEvery2DayOfTheWeekInRangeWithSundayStartOne" name="Get-CronDescription Tests.Get-CronDescription TestEvery2DayOfTheWeekInRangeWithSundayStartOne" time="0.0098" asserts="0" success="True" result="Success" executed="True" />
              <test-case description="Get-CronDescription TestMultiWithDayOfWeekStartIndexZeroFalse" name="Get-CronDescription Tests.Get-CronDescription TestMultiWithDayOfWeekStartIndexZeroFalse" time="0.0108" asserts="0" success="True" result="Success" executed="True" />
              <test-case description="Get-CronDescription TestEvery3Month" name="Get-CronDescription Tests.Get-CronDescription TestEvery3Month" time="0.0108" asserts="0" success="True" result="Success" executed="True" />
              <test-case description="Get-CronDescription TestEvery2Years" name="Get-CronDescription Tests.Get-CronDescription TestEvery2Years" time="0.0115" asserts="0" success="True" result="Success" executed="True" />
              <test-case description="Get-CronDescription TestMutiPartRangeMinutes" name="Get-CronDescription Tests.Get-CronDescription TestMutiPartRangeMinutes" time="0.0118" asserts="0" success="True" result="Success" executed="True" />
              <test-case description="Get-CronDescription TestMutiPartRangeMinutes2" name="Get-CronDescription Tests.Get-CronDescription TestMutiPartRangeMinutes2" time="0.0116" asserts="0" success="True" result="Success" executed="True" />
              <test-case description="Get-CronDescription TrailingSpaceDoesNotCauseAWrongDescription" name="Get-CronDescription Tests.Get-CronDescription TrailingSpaceDoesNotCauseAWrongDescription" time="0.0105" asserts="0" success="True" result="Success" executed="True" />
              <test-case description="Get-CronDescription TestMultiPartDayOfTheWeek" name="Get-CronDescription Tests.Get-CronDescription TestMultiPartDayOfTheWeek" time="0.0108" asserts="0" success="True" result="Success" executed="True" />
              <test-case description="Get-CronDescription TestDayOfWeekWithDayOfMonth" name="Get-CronDescription Tests.Get-CronDescription TestDayOfWeekWithDayOfMonth" time="0.0111" asserts="0" success="True" result="Success" executed="True" />
              <test-case description="Get-CronDescription TestSecondsInternalWithStepValue" name="Get-CronDescription Tests.Get-CronDescription TestSecondsInternalWithStepValue" time="0.0105" asserts="0" success="True" result="Success" executed="True" />
              <test-case description="Get-CronDescription TestMinutesInternalWithStepValue" name="Get-CronDescription Tests.Get-CronDescription TestMinutesInternalWithStepValue" time="0.0105" asserts="0" success="True" result="Success" executed="True" />
              <test-case description="Get-CronDescription TestHoursInternalWithStepValue" name="Get-CronDescription Tests.Get-CronDescription TestHoursInternalWithStepValue" time="0.0128" asserts="0" success="True" result="Success" executed="True" />
              <test-case description="Get-CronDescription TestDayOfMonthInternalWithStepValue" name="Get-CronDescription Tests.Get-CronDescription TestDayOfMonthInternalWithStepValue" time="0.0104" asserts="0" success="True" result="Success" executed="True" />
              <test-case description="Get-CronDescription TestMonthInternalWithStepValue" name="Get-CronDescription Tests.Get-CronDescription TestMonthInternalWithStepValue" time="0.0105" asserts="0" success="True" result="Success" executed="True" />
              <test-case description="Get-CronDescription TestDayOfWeekInternalWithStepValue" name="Get-CronDescription Tests.Get-CronDescription TestDayOfWeekInternalWithStepValue" time="0.0101" asserts="0" success="True" result="Success" executed="True" />
              <test-case description="Get-CronDescription TestYearInternalWithStepValue" name="Get-CronDescription Tests.Get-CronDescription TestYearInternalWithStepValue" time="0.0106" asserts="0" success="True" result="Success" executed="True" />
              <test-case description="Get-CronDescription TestMinutesCombinedWithMultipleHourRanges" name="Get-CronDescription Tests.Get-CronDescription TestMinutesCombinedWithMultipleHourRanges" time="0.0102" asserts="0" success="True" result="Success" executed="True" />
              <test-case description="Get-CronDescription TestMinuteRangeConbinedWithSecondRange" name="Get-CronDescription Tests.Get-CronDescription TestMinuteRangeConbinedWithSecondRange" time="0.0103" asserts="0" success="True" result="Success" executed="True" />
              <test-case description="Get-CronDescription TestSecondsExpressionCombinedWithHoursListAndSingleMinute" name="Get-CronDescription Tests.Get-CronDescription TestSecondsExpressionCombinedWithHoursListAndSingleMinute" time="0.0115" asserts="0" success="True" result="Success" executed="True" />
              <test-case description="Get-CronDescription TestMinuteRangeWithInterval" name="Get-CronDescription Tests.Get-CronDescription TestMinuteRangeWithInterval" time="0.0102" asserts="0" success="True" result="Success" executed="True" />
              <test-case description="Get-CronDescription MinutesZero1" name="Get-CronDescription Tests.Get-CronDescription MinutesZero1" time="0.0094" asserts="0" success="True" result="Success" executed="True" />
              <test-case description="Get-CronDescription MinutesZero2" name="Get-CronDescription Tests.Get-CronDescription MinutesZero2" time="0.0099" asserts="0" success="True" result="Success" executed="True" />
              <test-case description="Get-CronDescription MinutesZero3" name="Get-CronDescription Tests.Get-CronDescription MinutesZero3" time="0.0101" asserts="0" success="True" result="Success" executed="True" />
              <test-case description="Get-CronDescription MinutesZero4" name="Get-CronDescription Tests.Get-CronDescription MinutesZero4" time="0.0116" asserts="0" success="True" result="Success" executed="True" />
              <test-case description="Get-CronDescription MinutesZero5" name="Get-CronDescription Tests.Get-CronDescription MinutesZero5" time="0.011" asserts="0" success="True" result="Success" executed="True" />
              <test-case description="Get-CronDescription Sunday7" name="Get-CronDescription Tests.Get-CronDescription Sunday7" time="0.0102" asserts="0" success="True" result="Success" executed="True" />
              <test-case description="Get-CronDescription EveryYear" name="Get-CronDescription Tests.Get-CronDescription EveryYear" time="0.01" asserts="0" success="True" result="Success" executed="True" />
            </results>
          </test-suite>
        </results>
      </test-suite>
      <test-suite type="TestFixture" name="D:\Projects\PSDates\Source\Test\Public\Get-CronNextOccurrence.Tests.ps1" executed="True" result="Success" success="True" time="0.1411" asserts="0" description="D:\Projects\PSDates\Source\Test\Public\Get-CronNextOccurrence.Tests.ps1">
        <results>
          <test-suite type="TestFixture" name="Get-CronNextOccurrence Tests" executed="True" result="Success" success="True" time="0.0645" asserts="0" description="Get-CronNextOccurrence Tests">
            <results>
              <test-case description="Get-CronNextOccurrence Test" name="Get-CronNextOccurrence Tests.Get-CronNextOccurrence Test" time="0.0235" asserts="0" success="True" result="Success" executed="True" />
              <test-case description="Get-CronNextOccurrence Specific Date Test" name="Get-CronNextOccurrence Tests.Get-CronNextOccurrence Specific Date Test" time="0.0107" asserts="0" success="True" result="Success" executed="True" />
              <test-case description="Get-CronNextOccurrence Multiple Occurrences Test" name="Get-CronNextOccurrence Tests.Get-CronNextOccurrence Multiple Occurrences Test" time="0.0276" asserts="0" success="True" result="Success" executed="True" />
            </results>
          </test-suite>
        </results>
      </test-suite>
      <test-suite type="TestFixture" name="D:\Projects\PSDates\Source\Test\Public\Get-DateExtended.Tests.ps1" executed="True" result="Failure" success="False" time="0.1863" asserts="0" description="D:\Projects\PSDates\Source\Test\Public\Get-DateExtended.Tests.ps1">
        <results>
          <test-suite type="TestFixture" name="Get-DateExtended Tests" executed="True" result="Failure" success="False" time="0.1014" asserts="0" description="Get-DateExtended Tests">
            <results>
              <test-case description="Get-DateExtended Test" name="Get-DateExtended Tests.Get-DateExtended Test" time="0.0988" asserts="0" success="False" result="Failure" executed="True">
                <failure>
                  <message>Expected 4, but got $null.</message>
                  <stack-trace>at $dateExt.Quater | Should -Be 4, D:\Projects\PSDates\Source\Test\Public\Get-DateExtended.Tests.ps1:20
at &lt;ScriptBlock&gt;, D:\Projects\PSDates\Source\Test\Public\Get-DateExtended.Tests.ps1:20</stack-trace>
                </failure>
              </test-case>
            </results>
          </test-suite>
        </results>
      </test-suite>
      <test-suite type="TestFixture" name="D:\Projects\PSDates\Source\Test\Public\Get-DateFormat.Tests.ps1" executed="True" result="Success" success="True" time="0.1692" asserts="0" description="D:\Projects\PSDates\Source\Test\Public\Get-DateFormat.Tests.ps1">
        <results>
          <test-suite type="TestFixture" name="Get-DateFormat Tests" executed="True" result="Success" success="True" time="0.1011" asserts="0" description="Get-DateFormat Tests">
            <results>
              <test-case description="Get-DateFormat Test" name="Get-DateFormat Tests.Get-DateFormat Test" time="0.0888" asserts="0" success="True" result="Success" executed="True" />
            </results>
          </test-suite>
        </results>
      </test-suite>
      <test-suite type="TestFixture" name="D:\Projects\PSDates\Source\Test\Public\Get-Easter.Tests.ps1" executed="True" result="Success" success="True" time="0.1906" asserts="0" description="D:\Projects\PSDates\Source\Test\Public\Get-Easter.Tests.ps1">
        <results>
          <test-suite type="TestFixture" name="Get-Easter Tests" executed="True" result="Success" success="True" time="0.1253" asserts="0" description="Get-Easter Tests">
            <results>
              <test-suite type="ParameterizedTest" name="Get-Easter Tests.&lt;Name&gt; Gregorian Test" executed="True" result="Success" success="True" time="0.1195" asserts="0" description="&lt;Name&gt; Gregorian Test">
                <results>
                  <test-case description=" Gregorian Test" name="Get-Easter Tests. Gregorian Test" time="0.0374" asserts="0" success="True" result="Success" executed="True" />
                  <test-case description=" Gregorian Test" name="Get-Easter Tests. Gregorian Test" time="0.0121" asserts="0" success="True" result="Success" executed="True" />
                  <test-case description=" Gregorian Test" name="Get-Easter Tests. Gregorian Test" time="0.0023" asserts="0" success="True" result="Success" executed="True" />
                  <test-case description=" Gregorian Test" name="Get-Easter Tests. Gregorian Test" time="0.0024" asserts="0" success="True" result="Success" executed="True" />
                  <test-case description=" Gregorian Test" name="Get-Easter Tests. Gregorian Test" time="0.0028" asserts="0" success="True" result="Success" executed="True" />
                  <test-case description=" Gregorian Test" name="Get-Easter Tests. Gregorian Test" time="0.0028" asserts="0" success="True" result="Success" executed="True" />
                  <test-case description=" Gregorian Test" name="Get-Easter Tests. Gregorian Test" time="0.0024" asserts="0" success="True" result="Success" executed="True" />
                  <test-case description=" Gregorian Test" name="Get-Easter Tests. Gregorian Test" time="0.0024" asserts="0" success="True" result="Success" executed="True" />
                  <test-case description=" Gregorian Test" name="Get-Easter Tests. Gregorian Test" time="0.0025" asserts="0" success="True" result="Success" executed="True" />
                  <test-case description=" Gregorian Test" name="Get-Easter Tests. Gregorian Test" time="0.0056" asserts="0" success="True" result="Success" executed="True" />
                  <test-case description=" Gregorian Test" name="Get-Easter Tests. Gregorian Test" time="0.0025" asserts="0" success="True" result="Success" executed="True" />
                  <test-case description=" Gregorian Test" name="Get-Easter Tests. Gregorian Test" time="0.002" asserts="0" success="True" result="Success" executed="True" />
                  <test-case description=" Gregorian Test" name="Get-Easter Tests. Gregorian Test" time="0.0027" asserts="0" success="True" result="Success" executed="True" />
                  <test-case description=" Gregorian Test" name="Get-Easter Tests. Gregorian Test" time="0.0024" asserts="0" success="True" result="Success" executed="True" />
                  <test-case description=" Gregorian Test" name="Get-Easter Tests. Gregorian Test" time="0.0028" asserts="0" success="True" result="Success" executed="True" />
                  <test-case description=" Gregorian Test" name="Get-Easter Tests. Gregorian Test" time="0.0035" asserts="0" success="True" result="Success" executed="True" />
                  <test-case description=" Gregorian Test" name="Get-Easter Tests. Gregorian Test" time="0.0023" asserts="0" success="True" result="Success" executed="True" />
                  <test-case description=" Gregorian Test" name="Get-Easter Tests. Gregorian Test" time="0.0024" asserts="0" success="True" result="Success" executed="True" />
                  <test-case description=" Gregorian Test" name="Get-Easter Tests. Gregorian Test" time="0.0034" asserts="0" success="True" result="Success" executed="True" />
                  <test-case description=" Gregorian Test" name="Get-Easter Tests. Gregorian Test" time="0.0028" asserts="0" success="True" result="Success" executed="True" />
                  <test-case description=" Gregorian Test" name="Get-Easter Tests. Gregorian Test" time="0.0026" asserts="0" success="True" result="Success" executed="True" />
                  <test-case description=" Gregorian Test" name="Get-Easter Tests. Gregorian Test" time="0.0025" asserts="0" success="True" result="Success" executed="True" />
                  <test-case description=" Gregorian Test" name="Get-Easter Tests. Gregorian Test" time="0.004" asserts="0" success="True" result="Success" executed="True" />
                  <test-case description=" Gregorian Test" name="Get-Easter Tests. Gregorian Test" time="0.0029" asserts="0" success="True" result="Success" executed="True" />
                  <test-case description=" Gregorian Test" name="Get-Easter Tests. Gregorian Test" time="0.0029" asserts="0" success="True" result="Success" executed="True" />
                  <test-case description=" Gregorian Test" name="Get-Easter Tests. Gregorian Test" time="0.0027" asserts="0" success="True" result="Success" executed="True" />
                  <test-case description=" Gregorian Test" name="Get-Easter Tests. Gregorian Test" time="0.0024" asserts="0" success="True" result="Success" executed="True" />
                </results>
              </test-suite>
            </results>
          </test-suite>
        </results>
      </test-suite>
      <test-suite type="TestFixture" name="D:\Projects\PSDates\Source\Test\Public\Get-PatchTuesday.Tests.ps1" executed="True" result="Success" success="True" time="0.0977" asserts="0" description="D:\Projects\PSDates\Source\Test\Public\Get-PatchTuesday.Tests.ps1">
        <results>
          <test-suite type="TestFixture" name="Get-PatchTuesday Tests" executed="True" result="Success" success="True" time="0.038" asserts="0" description="Get-PatchTuesday Tests">
            <results>
              <test-case description="Get-PatchTuesday Test" name="Get-PatchTuesday Tests.Get-PatchTuesday Test" time="0.0357" asserts="0" success="True" result="Success" executed="True" />
            </results>
          </test-suite>
        </results>
      </test-suite>
      <test-suite type="TestFixture" name="D:\Projects\PSDates\Source\Test\Public\Get-SunTimes.Tests.ps1" executed="True" result="Failure" success="False" time="0.2716" asserts="0" description="D:\Projects\PSDates\Source\Test\Public\Get-SunTimes.Tests.ps1">
        <results>
          <test-suite type="TestFixture" name="Get-SunTimes Tests" executed="True" result="Failure" success="False" time="0.1976" asserts="0" description="Get-SunTimes Tests">
            <results>
              <test-suite type="ParameterizedTest" name="Get-SunTimes Tests.&lt;Name&gt; Test" executed="True" result="Failure" success="False" time="0.1945" asserts="0" description="&lt;Name&gt; Test">
                <results>
                  <test-case description="Buckingham Palace Test" name="Get-SunTimes Tests.Buckingham Palace Test" time="0.0855" asserts="0" success="False" result="Failure" executed="True">
                    <failure>
                      <message>Expected strings to be the same, but they were different.
String lengths are both 5.
Strings differ at index 4.
Expected: '03:52'
But was:  '03:55'
           ----^</message>
                      <stack-trace>at $Result.Sunrise.ToString('HH:mm') | Should -Be $Sunrise, D:\Projects\PSDates\Source\Test\Public\Get-SunTimes.Tests.ps1:36
at &lt;ScriptBlock&gt;, D:\Projects\PSDates\Source\Test\Public\Get-SunTimes.Tests.ps1:36</stack-trace>
                    </failure>
                  </test-case>
                  <test-case description="The Great Pyramid of Giza Test" name="Get-SunTimes Tests.The Great Pyramid of Giza Test" time="0.0063" asserts="0" success="False" result="Failure" executed="True">
                    <failure>
                      <message>Expected strings to be the same, but they were different.
String lengths are both 5.
Strings differ at index 4.
Expected: '03:00'
But was:  '03:02'
           ----^</message>
                      <stack-trace>at $Result.Sunrise.ToString('HH:mm') | Should -Be $Sunrise, D:\Projects\PSDates\Source\Test\Public\Get-SunTimes.Tests.ps1:36
at &lt;ScriptBlock&gt;, D:\Projects\PSDates\Source\Test\Public\Get-SunTimes.Tests.ps1:36</stack-trace>
                    </failure>
                  </test-case>
                  <test-case description="Imperial Palace Test" name="Get-SunTimes Tests.Imperial Palace Test" time="0.008" asserts="0" success="False" result="Failure" executed="True">
                    <failure>
                      <message>Expected strings to be the same, but they were different.
String lengths are both 5.
Strings differ at index 4.
Expected: '19:31'
But was:  '19:33'
           ----^</message>
                      <stack-trace>at $Result.Sunrise.ToString('HH:mm') | Should -Be $Sunrise, D:\Projects\PSDates\Source\Test\Public\Get-SunTimes.Tests.ps1:36
at &lt;ScriptBlock&gt;, D:\Projects\PSDates\Source\Test\Public\Get-SunTimes.Tests.ps1:36</stack-trace>
                    </failure>
                  </test-case>
                  <test-case description="The White House Test" name="Get-SunTimes Tests.The White House Test" time="0.008" asserts="0" success="False" result="Failure" executed="True">
                    <failure>
                      <message>Expected strings to be the same, but they were different.
String lengths are both 5.
Strings differ at index 3.
Expected: '09:49'
But was:  '09:52'
           ---^</message>
                      <stack-trace>at $Result.Sunrise.ToString('HH:mm') | Should -Be $Sunrise, D:\Projects\PSDates\Source\Test\Public\Get-SunTimes.Tests.ps1:36
at &lt;ScriptBlock&gt;, D:\Projects\PSDates\Source\Test\Public\Get-SunTimes.Tests.ps1:36</stack-trace>
                    </failure>
                  </test-case>
                  <test-case description="The Eiffel Tower Test" name="Get-SunTimes Tests.The Eiffel Tower Test" time="0.0099" asserts="0" success="False" result="Failure" executed="True">
                    <failure>
                      <message>Expected strings to be the same, but they were different.
String lengths are both 5.
Strings differ at index 4.
Expected: '03:55'
But was:  '03:58'
           ----^</message>
                      <stack-trace>at $Result.Sunrise.ToString('HH:mm') | Should -Be $Sunrise, D:\Projects\PSDates\Source\Test\Public\Get-SunTimes.Tests.ps1:36
at &lt;ScriptBlock&gt;, D:\Projects\PSDates\Source\Test\Public\Get-SunTimes.Tests.ps1:36</stack-trace>
                    </failure>
                  </test-case>
                  <test-case description="Sydney Opera House Test" name="Get-SunTimes Tests.Sydney Opera House Test" time="0.0094" asserts="0" success="False" result="Failure" executed="True">
                    <failure>
                      <message>Expected strings to be the same, but they were different.
String lengths are both 5.
Strings differ at index 4.
Expected: '07:00'
But was:  '07:01'
           ----^</message>
                      <stack-trace>at $Result.Sunset.ToString('HH:mm') | Should -Be $Sunset, D:\Projects\PSDates\Source\Test\Public\Get-SunTimes.Tests.ps1:37
at &lt;ScriptBlock&gt;, D:\Projects\PSDates\Source\Test\Public\Get-SunTimes.Tests.ps1:37</stack-trace>
                    </failure>
                  </test-case>
                  <test-case description="Pier 39 Test" name="Get-SunTimes Tests.Pier 39 Test" time="0.0065" asserts="0" success="False" result="Failure" executed="True">
                    <failure>
                      <message>Expected strings to be the same, but they were different.
String lengths are both 5.
Strings differ at index 4.
Expected: '12:54'
But was:  '12:57'
           ----^</message>
                      <stack-trace>at $Result.Sunrise.ToString('HH:mm') | Should -Be $Sunrise, D:\Projects\PSDates\Source\Test\Public\Get-SunTimes.Tests.ps1:36
at &lt;ScriptBlock&gt;, D:\Projects\PSDates\Source\Test\Public\Get-SunTimes.Tests.ps1:36</stack-trace>
                    </failure>
                  </test-case>
                  <test-case description="The Zocalo Test" name="Get-SunTimes Tests.The Zocalo Test" time="0.0065" asserts="0" success="False" result="Failure" executed="True">
                    <failure>
                      <message>Expected strings to be the same, but they were different.
String lengths are both 5.
Strings differ at index 4.
Expected: '12:04'
But was:  '12:05'
           ----^</message>
                      <stack-trace>at $Result.Sunrise.ToString('HH:mm') | Should -Be $Sunrise, D:\Projects\PSDates\Source\Test\Public\Get-SunTimes.Tests.ps1:36
at &lt;ScriptBlock&gt;, D:\Projects\PSDates\Source\Test\Public\Get-SunTimes.Tests.ps1:36</stack-trace>
                    </failure>
                  </test-case>
                  <test-case description="Pike Place Market Test" name="Get-SunTimes Tests.Pike Place Market Test" time="0.0096" asserts="0" success="False" result="Failure" executed="True">
                    <failure>
                      <message>Expected strings to be the same, but they were different.
String lengths are both 5.
Strings differ at index 3.
Expected: '12:19'
But was:  '12:23'
           ---^</message>
                      <stack-trace>at $Result.Sunrise.ToString('HH:mm') | Should -Be $Sunrise, D:\Projects\PSDates\Source\Test\Public\Get-SunTimes.Tests.ps1:36
at &lt;ScriptBlock&gt;, D:\Projects\PSDates\Source\Test\Public\Get-SunTimes.Tests.ps1:36</stack-trace>
                    </failure>
                  </test-case>
                  <test-case description="Tsim Sha Tsui Waterfront Test" name="Get-SunTimes Tests.Tsim Sha Tsui Waterfront Test" time="0.0069" asserts="0" success="False" result="Failure" executed="True">
                    <failure>
                      <message>Expected strings to be the same, but they were different.
String lengths are both 5.
Strings differ at index 4.
Expected: '21:45'
But was:  '21:46'
           ----^</message>
                      <stack-trace>at $Result.Sunrise.ToString('HH:mm') | Should -Be $Sunrise, D:\Projects\PSDates\Source\Test\Public\Get-SunTimes.Tests.ps1:36
at &lt;ScriptBlock&gt;, D:\Projects\PSDates\Source\Test\Public\Get-SunTimes.Tests.ps1:36</stack-trace>
                    </failure>
                  </test-case>
                  <test-case description="Grand Bazaar Test" name="Get-SunTimes Tests.Grand Bazaar Test" time="0.0064" asserts="0" success="False" result="Failure" executed="True">
                    <failure>
                      <message>Expected strings to be the same, but they were different.
String lengths are both 5.
Strings differ at index 3.
Expected: '02:39'
But was:  '02:41'
           ---^</message>
                      <stack-trace>at $Result.Sunrise.ToString('HH:mm') | Should -Be $Sunrise, D:\Projects\PSDates\Source\Test\Public\Get-SunTimes.Tests.ps1:36
at &lt;ScriptBlock&gt;, D:\Projects\PSDates\Source\Test\Public\Get-SunTimes.Tests.ps1:36</stack-trace>
                    </failure>
                  </test-case>
                  <test-case description="The Forbidden City Test" name="Get-SunTimes Tests.The Forbidden City Test" time="0.0083" asserts="0" success="False" result="Failure" executed="True">
                    <failure>
                      <message>Expected strings to be the same, but they were different.
String lengths are both 5.
Strings differ at index 4.
Expected: '20:52'
But was:  '20:55'
           ----^</message>
                      <stack-trace>at $Result.Sunrise.ToString('HH:mm') | Should -Be $Sunrise, D:\Projects\PSDates\Source\Test\Public\Get-SunTimes.Tests.ps1:36
at &lt;ScriptBlock&gt;, D:\Projects\PSDates\Source\Test\Public\Get-SunTimes.Tests.ps1:36</stack-trace>
                    </failure>
                  </test-case>
                  <test-case description="Niagara Falls Test" name="Get-SunTimes Tests.Niagara Falls Test" time="0.0094" asserts="0" success="False" result="Failure" executed="True">
                    <failure>
                      <message>Expected strings to be the same, but they were different.
String lengths are both 5.
Strings differ at index 4.
Expected: '09:45'
But was:  '09:48'
           ----^</message>
                      <stack-trace>at $Result.Sunrise.ToString('HH:mm') | Should -Be $Sunrise, D:\Projects\PSDates\Source\Test\Public\Get-SunTimes.Tests.ps1:36
at &lt;ScriptBlock&gt;, D:\Projects\PSDates\Source\Test\Public\Get-SunTimes.Tests.ps1:36</stack-trace>
                    </failure>
                  </test-case>
                  <test-case description="The Colosseum Test" name="Get-SunTimes Tests.The Colosseum Test" time="0.0073" asserts="0" success="False" result="Failure" executed="True">
                    <failure>
                      <message>Expected strings to be the same, but they were different.
String lengths are both 5.
Strings differ at index 4.
Expected: '03:42'
But was:  '03:44'
           ----^</message>
                      <stack-trace>at $Result.Sunrise.ToString('HH:mm') | Should -Be $Sunrise, D:\Projects\PSDates\Source\Test\Public\Get-SunTimes.Tests.ps1:36
at &lt;ScriptBlock&gt;, D:\Projects\PSDates\Source\Test\Public\Get-SunTimes.Tests.ps1:36</stack-trace>
                    </failure>
                  </test-case>
                  <test-case description="Times Square Test" name="Get-SunTimes Tests.Times Square Test" time="0.0066" asserts="0" success="False" result="Failure" executed="True">
                    <failure>
                      <message>Expected strings to be the same, but they were different.
String lengths are both 5.
Strings differ at index 4.
Expected: '09:31'
But was:  '09:34'
           ----^</message>
                      <stack-trace>at $Result.Sunrise.ToString('HH:mm') | Should -Be $Sunrise, D:\Projects\PSDates\Source\Test\Public\Get-SunTimes.Tests.ps1:36
at &lt;ScriptBlock&gt;, D:\Projects\PSDates\Source\Test\Public\Get-SunTimes.Tests.ps1:36</stack-trace>
                    </failure>
                  </test-case>
                </results>
              </test-suite>
            </results>
          </test-suite>
        </results>
      </test-suite>
      <test-suite type="TestFixture" name="D:\Projects\PSDates\Source\Test\Public\New-Duration.Tests.ps1" executed="True" result="Success" success="True" time="0.0876" asserts="0" description="D:\Projects\PSDates\Source\Test\Public\New-Duration.Tests.ps1">
        <results>
          <test-suite type="TestFixture" name="New-Duration Tests" executed="True" result="Success" success="True" time="0.0248" asserts="0" description="New-Duration Tests">
            <results>
              <test-case description="New-Duration Test" name="New-Duration Tests.New-Duration Test" time="0.0226" asserts="0" success="True" result="Success" executed="True" />
            </results>
          </test-suite>
        </results>
      </test-suite>
      <test-suite type="TestFixture" name="D:\Projects\PSDates\Source\Test\Public\Test-CrontabSchedule.Tests.ps1" executed="True" result="Success" success="True" time="0.1043" asserts="0" description="D:\Projects\PSDates\Source\Test\Public\Test-CrontabSchedule.Tests.ps1">
        <results>
          <test-suite type="TestFixture" name="Test-CrontabSchedule Tests" executed="True" result="Success" success="True" time="0.0453" asserts="0" description="Test-CrontabSchedule Tests">
            <results>
              <test-case description="Test-CrontabSchedule Valid Test" name="Test-CrontabSchedule Tests.Test-CrontabSchedule Valid Test" time="0.0183" asserts="0" success="True" result="Success" executed="True" />
              <test-case description="Test-CrontabSchedule Invalid Test" name="Test-CrontabSchedule Tests.Test-CrontabSchedule Invalid Test" time="0.0244" asserts="0" success="True" result="Success" executed="True" />
            </results>
          </test-suite>
        </results>
      </test-suite>
    </results>
  </test-suite>
</test-results>